<?xml version="1.0" encoding="UTF-8"?>
<testsuite name="de.oveits.velocitytemple.VelocityTempleTests" tests="5" skipped="0" failures="0" errors="0" timestamp="2016-01-08T13:59:09" hostname="DE04058W" time="2.125">
  <properties/>
  <testcase name="test_deleteTemplate" classname="de.oveits.velocitytemple.VelocityTempleTests" time="0.466"/>
  <testcase name="test_readTemplate" classname="de.oveits.velocitytemple.VelocityTempleTests" time="0.383"/>
  <testcase name="test_updateTemplate" classname="de.oveits.velocitytemple.VelocityTempleTests" time="0.346"/>
  <testcase name="test_createTemplate" classname="de.oveits.velocitytemple.VelocityTempleTests" time="0.453"/>
  <testcase name="test_applyTemplate" classname="de.oveits.velocitytemple.VelocityTempleTests" time="0.475"/>
  <system-out><![CDATA[[                   Test worker] VelocityTempleTests            INFO  ********************************************************************************
[                   Test worker] VelocityTempleTests            INFO  Testing: test_deleteTemplate(de.oveits.velocitytemple.VelocityTempleTests)
[                   Test worker] VelocityTempleTests            INFO  ********************************************************************************
[                   Test worker] DefaultCamelContext            INFO  Apache Camel 2.16.0 (CamelContext: camel-3) is starting
[                   Test worker] ManagedManagementStrategy      INFO  JMX is enabled
[                   Test worker] DefaultTypeConverter           INFO  Loaded 196 type converters
[                   Test worker] DefaultRuntimeEndpointRegistry INFO  Runtime endpoint registry is in extended mode gathering usage statistics of all incoming and outgoing endpoints (cache limit: 1000)
[                   Test worker] DefaultCamelContext            INFO  AllowUseOriginalMessage is enabled. If access to the original message is not needed, then its recommended to turn this option off as it may improve performance.
[                   Test worker] DefaultCamelContext            INFO  StreamCaching is not in use. If using streams then its recommended to enable stream caching. See more details at http://camel.apache.org/stream-caching.html
[                   Test worker] DefaultCamelContext            INFO  Route: route3 started and consuming from: Endpoint[direct://recipientList]
[                   Test worker] DefaultCamelContext            INFO  Total 1 routes, of which 1 is started.
[                   Test worker] DefaultCamelContext            INFO  Apache Camel 2.16.0 (CamelContext: camel-3) started in 0.394 seconds
[                   Test worker] MockEndpoint                   INFO  Asserting: Endpoint[mock://result] is satisfied
[                   Test worker] MockEndpoint                   INFO  Asserting: Endpoint[mock://result] is satisfied
[                   Test worker] VelocityTempleTests            INFO  ********************************************************************************
[                   Test worker] VelocityTempleTests            INFO  Testing done: test_deleteTemplate(de.oveits.velocitytemple.VelocityTempleTests)
[                   Test worker] VelocityTempleTests            INFO  Took: 0.053 seconds (53 millis)
[                   Test worker] VelocityTempleTests            INFO  ********************************************************************************
[                   Test worker] DefaultCamelContext            INFO  Apache Camel 2.16.0 (CamelContext: camel-3) is shutting down
[                   Test worker] DefaultShutdownStrategy        INFO  Starting to graceful shutdown 1 routes (timeout 10 seconds)
[el-3) thread #2 - ShutdownTask] DefaultShutdownStrategy        INFO  Route: route3 shutdown complete, was consuming from: Endpoint[direct://recipientList]
[                   Test worker] DefaultShutdownStrategy        INFO  Graceful shutdown of 1 routes completed in 0 seconds
[                   Test worker] DefaultCamelContext            INFO  Apache Camel 2.16.0 (CamelContext: camel-3) uptime 0.459 seconds
[                   Test worker] DefaultCamelContext            INFO  Apache Camel 2.16.0 (CamelContext: camel-3) is shutdown in 0.010 seconds
[                   Test worker] VelocityTempleTests            INFO  ********************************************************************************
[                   Test worker] VelocityTempleTests            INFO  Testing: test_readTemplate(de.oveits.velocitytemple.VelocityTempleTests)
[                   Test worker] VelocityTempleTests            INFO  ********************************************************************************
[                   Test worker] DefaultCamelContext            INFO  Apache Camel 2.16.0 (CamelContext: camel-4) is starting
[                   Test worker] ManagedManagementStrategy      INFO  JMX is enabled
[                   Test worker] DefaultTypeConverter           INFO  Loaded 196 type converters
[                   Test worker] DefaultRuntimeEndpointRegistry INFO  Runtime endpoint registry is in extended mode gathering usage statistics of all incoming and outgoing endpoints (cache limit: 1000)
[                   Test worker] DefaultCamelContext            INFO  AllowUseOriginalMessage is enabled. If access to the original message is not needed, then its recommended to turn this option off as it may improve performance.
[                   Test worker] DefaultCamelContext            INFO  StreamCaching is not in use. If using streams then its recommended to enable stream caching. See more details at http://camel.apache.org/stream-caching.html
[                   Test worker] DefaultCamelContext            INFO  Route: route4 started and consuming from: Endpoint[direct://recipientList]
[                   Test worker] DefaultCamelContext            INFO  Total 1 routes, of which 1 is started.
[                   Test worker] DefaultCamelContext            INFO  Apache Camel 2.16.0 (CamelContext: camel-4) started in 0.295 seconds
[                   Test worker] route4                         INFO  failed request: <pre>ERROR: org.apache.camel.http.common.HttpOperationFailedException: HTTP operation failed invoking http://localhost:2005/templates/ttt with statusCode: 404
STACK: 
HEADERS: {breadcrumbId=ID-DE04058W-65488-1452261544291-3-3, CamelHttpMethod=DELETE, name=London, recipientList=http://localhost:2005/templates/ttt, ResultCode=1, ResultText=Failure}
BODY: null</pre>
[                   Test worker] DefaultErrorHandler            ERROR Failed delivery for (MessageId: ID-DE04058W-65488-1452261544291-3-5 on ExchangeId: ID-DE04058W-65488-1452261544291-3-6). Exhausted after delivery attempt: 1 caught: org.apache.camel.http.common.HttpOperationFailedException: HTTP operation failed invoking http://localhost:2005/templates/ttt with statusCode: 404. Processed by failure processor: FatalFallbackErrorHandler[Pipeline[[Channel[SetHeader(ResultCode, 1)], Channel[SetHeader(ResultText, Failure)], Channel[convertBodyTo[java.lang.String]], Channel[BeanProcessor[de.oveits.velocitytemple.MyExceptionHandler(0x36905f7a)]], Channel[Log(route4)[failed request: ${body}]], Channel[SetHeader(Content-Type, text/html)]]]]

Message History
---------------------------------------------------------------------------------------------------------------------------------------
RouteId              ProcessorId          Processor                                                                        Elapsed (ms)
[route4            ] [route4            ] [direct://recipientList                                                        ] [        23]
[route4            ] [recipientList4    ] [recipientList[simple{Simple: ${headers.recipientList}}]                       ] [        23]
[                  ] [setHeader10       ] [setHeader[ResultCode]                                                         ] [         0]
[                  ] [setHeader11       ] [setHeader[ResultText]                                                         ] [         0]
[                  ] [convertBodyTo4    ] [convertBodyTo[java.lang.String]                                               ] [         0]
[                  ] [bean4             ] [bean[de.oveits.velocitytemple.MyExceptionHandler@36905f7a]                    ] [         4]
[                  ] [log4              ] [log                                                                           ] [         0]
[                  ] [setHeader12       ] [setHeader[Content-Type]                                                       ] [         0]

Exchange
---------------------------------------------------------------------------------------------------------------------------------------
Exchange[
	Id                  ID-DE04058W-65488-1452261544291-3-6
	ExchangePattern     InOnly
	Headers             {Content-Type=text/html}
	BodyType            String
	Body                <pre>ERROR: org.apache.camel.http.common.HttpOperationFailedException: HTTP operation failed invoking http://localhost:2005/templates/ttt with statusCode: 404
STACK: 
HEADERS: {breadcrumbId=ID-DE04058W-65488-1452261544291-3-3, CamelHttpMethod=DELETE, name=London, recipientList=http://localhost:2005/templates/ttt, ResultCode=1, ResultText=Failure}
BODY: null</pre>
]

Stacktrace
---------------------------------------------------------------------------------------------------------------------------------------
org.apache.camel.http.common.HttpOperationFailedException: HTTP operation failed invoking http://localhost:2005/templates/ttt with statusCode: 404
	at org.apache.camel.component.http.HttpProducer.populateHttpOperationFailedException(HttpProducer.java:239)
	at org.apache.camel.component.http.HttpProducer.process(HttpProducer.java:161)
	at org.apache.camel.util.AsyncProcessorConverterHelper$ProcessorToAsyncProcessorBridge.process(AsyncProcessorConverterHelper.java:61)
	at org.apache.camel.processor.RedeliveryErrorHandler.process(RedeliveryErrorHandler.java:460)
	at org.apache.camel.processor.CamelInternalProcessor.process(CamelInternalProcessor.java:190)
	at org.apache.camel.processor.MulticastProcessor.doProcessSequential(MulticastProcessor.java:668)
	at org.apache.camel.processor.MulticastProcessor.doProcessSequential(MulticastProcessor.java:596)
	at org.apache.camel.processor.MulticastProcessor.process(MulticastProcessor.java:237)
	at org.apache.camel.processor.RecipientList.sendToRecipientList(RecipientList.java:178)
	at org.apache.camel.processor.RecipientList.process(RecipientList.java:131)
	at org.apache.camel.processor.Pipeline.process(Pipeline.java:121)
	at org.apache.camel.processor.Pipeline.process(Pipeline.java:83)
	at org.apache.camel.management.InstrumentationProcessor.process(InstrumentationProcessor.java:77)
	at org.apache.camel.processor.RedeliveryErrorHandler.process(RedeliveryErrorHandler.java:460)
	at org.apache.camel.processor.CamelInternalProcessor.process(CamelInternalProcessor.java:190)
	at org.apache.camel.processor.Pipeline.process(Pipeline.java:121)
	at org.apache.camel.processor.Pipeline.process(Pipeline.java:83)
	at org.apache.camel.processor.CamelInternalProcessor.process(CamelInternalProcessor.java:190)
	at org.apache.camel.component.direct.DirectProducer.process(DirectProducer.java:62)
	at org.apache.camel.processor.CamelInternalProcessor.process(CamelInternalProcessor.java:190)
	at org.apache.camel.util.AsyncProcessorHelper.process(AsyncProcessorHelper.java:109)
	at org.apache.camel.processor.UnitOfWorkProducer.process(UnitOfWorkProducer.java:68)
	at org.apache.camel.impl.ProducerCache$2.doInProducer(ProducerCache.java:412)
	at org.apache.camel.impl.ProducerCache$2.doInProducer(ProducerCache.java:380)
	at org.apache.camel.impl.ProducerCache.doInProducer(ProducerCache.java:270)
	at org.apache.camel.impl.ProducerCache.sendExchange(ProducerCache.java:380)
	at org.apache.camel.impl.ProducerCache.send(ProducerCache.java:221)
	at org.apache.camel.impl.DefaultProducerTemplate.send(DefaultProducerTemplate.java:124)
	at org.apache.camel.impl.DefaultProducerTemplate.sendBodyAndHeaders(DefaultProducerTemplate.java:233)
	at org.apache.camel.impl.DefaultProducerTemplate.sendBodyAndHeaders(DefaultProducerTemplate.java:229)
	at de.oveits.velocitytemple.VelocityTempleTests.setUp(VelocityTempleTests.java:61)
	at sun.reflect.NativeMethodAccessorImpl.invoke0(Native Method)
	at sun.reflect.NativeMethodAccessorImpl.invoke(NativeMethodAccessorImpl.java:57)
	at sun.reflect.DelegatingMethodAccessorImpl.invoke(DelegatingMethodAccessorImpl.java:43)
	at java.lang.reflect.Method.invoke(Method.java:601)
	at org.junit.runners.model.FrameworkMethod$1.runReflectiveCall(FrameworkMethod.java:47)
	at org.junit.internal.runners.model.ReflectiveCallable.run(ReflectiveCallable.java:12)
	at org.junit.runners.model.FrameworkMethod.invokeExplosively(FrameworkMethod.java:44)
	at org.junit.internal.runners.statements.RunBefores.evaluate(RunBefores.java:24)
	at org.junit.internal.runners.statements.RunAfters.evaluate(RunAfters.java:27)
	at org.junit.rules.TestWatcher$1.evaluate(TestWatcher.java:55)
	at org.junit.rules.TestWatcher$1.evaluate(TestWatcher.java:55)
	at org.junit.rules.RunRules.evaluate(RunRules.java:20)
	at org.junit.runners.ParentRunner.runLeaf(ParentRunner.java:271)
	at org.junit.runners.BlockJUnit4ClassRunner.runChild(BlockJUnit4ClassRunner.java:70)
	at org.junit.runners.BlockJUnit4ClassRunner.runChild(BlockJUnit4ClassRunner.java:50)
	at org.junit.runners.ParentRunner$3.run(ParentRunner.java:238)
	at org.junit.runners.ParentRunner$1.schedule(ParentRunner.java:63)
	at org.junit.runners.ParentRunner.runChildren(ParentRunner.java:236)
	at org.junit.runners.ParentRunner.access$000(ParentRunner.java:53)
	at org.junit.runners.ParentRunner$2.evaluate(ParentRunner.java:229)
	at org.junit.internal.runners.statements.RunAfters.evaluate(RunAfters.java:27)
	at org.junit.runners.ParentRunner.run(ParentRunner.java:309)
	at org.gradle.api.internal.tasks.testing.junit.JUnitTestClassExecuter.runTestClass(JUnitTestClassExecuter.java:105)
	at org.gradle.api.internal.tasks.testing.junit.JUnitTestClassExecuter.execute(JUnitTestClassExecuter.java:56)
	at org.gradle.api.internal.tasks.testing.junit.JUnitTestClassProcessor.processTestClass(JUnitTestClassProcessor.java:64)
	at org.gradle.api.internal.tasks.testing.SuiteTestClassProcessor.processTestClass(SuiteTestClassProcessor.java:50)
	at sun.reflect.NativeMethodAccessorImpl.invoke0(Native Method)
	at sun.reflect.NativeMethodAccessorImpl.invoke(NativeMethodAccessorImpl.java:57)
	at sun.reflect.DelegatingMethodAccessorImpl.invoke(DelegatingMethodAccessorImpl.java:43)
	at java.lang.reflect.Method.invoke(Method.java:601)
	at org.gradle.messaging.dispatch.ReflectionDispatch.dispatch(ReflectionDispatch.java:35)
	at org.gradle.messaging.dispatch.ReflectionDispatch.dispatch(ReflectionDispatch.java:24)
	at org.gradle.messaging.dispatch.ContextClassLoaderDispatch.dispatch(ContextClassLoaderDispatch.java:32)
	at org.gradle.messaging.dispatch.ProxyDispatchAdapter$DispatchingInvocationHandler.invoke(ProxyDispatchAdapter.java:93)
	at $Proxy2.processTestClass(Unknown Source)
	at org.gradle.api.internal.tasks.testing.worker.TestWorker.processTestClass(TestWorker.java:106)
	at sun.reflect.NativeMethodAccessorImpl.invoke0(Native Method)
	at sun.reflect.NativeMethodAccessorImpl.invoke(NativeMethodAccessorImpl.java:57)
	at sun.reflect.DelegatingMethodAccessorImpl.invoke(DelegatingMethodAccessorImpl.java:43)
	at java.lang.reflect.Method.invoke(Method.java:601)
	at org.gradle.messaging.dispatch.ReflectionDispatch.dispatch(ReflectionDispatch.java:35)
	at org.gradle.messaging.dispatch.ReflectionDispatch.dispatch(ReflectionDispatch.java:24)
	at org.gradle.messaging.remote.internal.hub.MessageHub$Handler.run(MessageHub.java:360)
	at org.gradle.internal.concurrent.ExecutorPolicy$CatchAndRecordFailures.onExecute(ExecutorPolicy.java:54)
	at org.gradle.internal.concurrent.StoppableExecutorImpl$1.run(StoppableExecutorImpl.java:40)
	at java.util.concurrent.ThreadPoolExecutor.runWorker(ThreadPoolExecutor.java:1110)
	at java.util.concurrent.ThreadPoolExecutor$Worker.run(ThreadPoolExecutor.java:603)
	at java.lang.Thread.run(Thread.java:722)
[                   Test worker] MockEndpoint                   INFO  Asserting: Endpoint[mock://result] is satisfied
[                   Test worker] MockEndpoint                   INFO  Asserting: Endpoint[mock://result] is satisfied
[                   Test worker] VelocityTempleTests            INFO  ********************************************************************************
[                   Test worker] VelocityTempleTests            INFO  Testing done: test_readTemplate(de.oveits.velocitytemple.VelocityTempleTests)
[                   Test worker] VelocityTempleTests            INFO  Took: 0.078 seconds (78 millis)
[                   Test worker] VelocityTempleTests            INFO  ********************************************************************************
[                   Test worker] DefaultCamelContext            INFO  Apache Camel 2.16.0 (CamelContext: camel-4) is shutting down
[                   Test worker] DefaultShutdownStrategy        INFO  Starting to graceful shutdown 1 routes (timeout 10 seconds)
[el-4) thread #3 - ShutdownTask] DefaultShutdownStrategy        INFO  Route: route4 shutdown complete, was consuming from: Endpoint[direct://recipientList]
[                   Test worker] DefaultShutdownStrategy        INFO  Graceful shutdown of 1 routes completed in 0 seconds
[                   Test worker] DefaultCamelContext            INFO  Apache Camel 2.16.0 (CamelContext: camel-4) uptime 0.379 seconds
[                   Test worker] DefaultCamelContext            INFO  Apache Camel 2.16.0 (CamelContext: camel-4) is shutdown in 0.004 seconds
[                   Test worker] VelocityTempleTests            INFO  ********************************************************************************
[                   Test worker] VelocityTempleTests            INFO  Testing: test_updateTemplate(de.oveits.velocitytemple.VelocityTempleTests)
[                   Test worker] VelocityTempleTests            INFO  ********************************************************************************
[                   Test worker] DefaultCamelContext            INFO  Apache Camel 2.16.0 (CamelContext: camel-5) is starting
[                   Test worker] ManagedManagementStrategy      INFO  JMX is enabled
[                   Test worker] DefaultTypeConverter           INFO  Loaded 196 type converters
[                   Test worker] DefaultRuntimeEndpointRegistry INFO  Runtime endpoint registry is in extended mode gathering usage statistics of all incoming and outgoing endpoints (cache limit: 1000)
[                   Test worker] DefaultCamelContext            INFO  AllowUseOriginalMessage is enabled. If access to the original message is not needed, then its recommended to turn this option off as it may improve performance.
[                   Test worker] DefaultCamelContext            INFO  StreamCaching is not in use. If using streams then its recommended to enable stream caching. See more details at http://camel.apache.org/stream-caching.html
[                   Test worker] DefaultCamelContext            INFO  Route: route5 started and consuming from: Endpoint[direct://recipientList]
[                   Test worker] DefaultCamelContext            INFO  Total 1 routes, of which 1 is started.
[                   Test worker] DefaultCamelContext            INFO  Apache Camel 2.16.0 (CamelContext: camel-5) started in 0.288 seconds
[                   Test worker] MockEndpoint                   INFO  Asserting: Endpoint[mock://result] is satisfied
[                   Test worker] MockEndpoint                   INFO  Asserting: Endpoint[mock://result] is satisfied
[                   Test worker] VelocityTempleTests            INFO  ********************************************************************************
[                   Test worker] VelocityTempleTests            INFO  Testing done: test_updateTemplate(de.oveits.velocitytemple.VelocityTempleTests)
[                   Test worker] VelocityTempleTests            INFO  Took: 0.047 seconds (47 millis)
[                   Test worker] VelocityTempleTests            INFO  ********************************************************************************
[                   Test worker] DefaultCamelContext            INFO  Apache Camel 2.16.0 (CamelContext: camel-5) is shutting down
[                   Test worker] DefaultShutdownStrategy        INFO  Starting to graceful shutdown 1 routes (timeout 10 seconds)
[el-5) thread #4 - ShutdownTask] DefaultShutdownStrategy        INFO  Route: route5 shutdown complete, was consuming from: Endpoint[direct://recipientList]
[                   Test worker] DefaultShutdownStrategy        INFO  Graceful shutdown of 1 routes completed in 0 seconds
[                   Test worker] DefaultCamelContext            INFO  Apache Camel 2.16.0 (CamelContext: camel-5) uptime 0.341 seconds
[                   Test worker] DefaultCamelContext            INFO  Apache Camel 2.16.0 (CamelContext: camel-5) is shutdown in 0.004 seconds
[                   Test worker] VelocityTempleTests            INFO  ********************************************************************************
[                   Test worker] VelocityTempleTests            INFO  Testing: test_createTemplate(de.oveits.velocitytemple.VelocityTempleTests)
[                   Test worker] VelocityTempleTests            INFO  ********************************************************************************
[                   Test worker] DefaultCamelContext            INFO  Apache Camel 2.16.0 (CamelContext: camel-6) is starting
[                   Test worker] ManagedManagementStrategy      INFO  JMX is enabled
[                   Test worker] DefaultTypeConverter           INFO  Loaded 196 type converters
[                   Test worker] DefaultRuntimeEndpointRegistry INFO  Runtime endpoint registry is in extended mode gathering usage statistics of all incoming and outgoing endpoints (cache limit: 1000)
[                   Test worker] DefaultCamelContext            INFO  AllowUseOriginalMessage is enabled. If access to the original message is not needed, then its recommended to turn this option off as it may improve performance.
[                   Test worker] DefaultCamelContext            INFO  StreamCaching is not in use. If using streams then its recommended to enable stream caching. See more details at http://camel.apache.org/stream-caching.html
[                   Test worker] DefaultCamelContext            INFO  Route: route6 started and consuming from: Endpoint[direct://recipientList]
[                   Test worker] DefaultCamelContext            INFO  Total 1 routes, of which 1 is started.
[                   Test worker] DefaultCamelContext            INFO  Apache Camel 2.16.0 (CamelContext: camel-6) started in 0.397 seconds
[                   Test worker] MockEndpoint                   INFO  Asserting: Endpoint[mock://result] is satisfied
[                   Test worker] MockEndpoint                   INFO  Asserting: Endpoint[mock://result] is satisfied
[                   Test worker] VelocityTempleTests            INFO  ********************************************************************************
[                   Test worker] VelocityTempleTests            INFO  Testing done: test_createTemplate(de.oveits.velocitytemple.VelocityTempleTests)
[                   Test worker] VelocityTempleTests            INFO  Took: 0.044 seconds (44 millis)
[                   Test worker] VelocityTempleTests            INFO  ********************************************************************************
[                   Test worker] DefaultCamelContext            INFO  Apache Camel 2.16.0 (CamelContext: camel-6) is shutting down
[                   Test worker] DefaultShutdownStrategy        INFO  Starting to graceful shutdown 1 routes (timeout 10 seconds)
[el-6) thread #5 - ShutdownTask] DefaultShutdownStrategy        INFO  Route: route6 shutdown complete, was consuming from: Endpoint[direct://recipientList]
[                   Test worker] DefaultShutdownStrategy        INFO  Graceful shutdown of 1 routes completed in 0 seconds
[                   Test worker] DefaultCamelContext            INFO  Apache Camel 2.16.0 (CamelContext: camel-6) uptime 0.449 seconds
[                   Test worker] DefaultCamelContext            INFO  Apache Camel 2.16.0 (CamelContext: camel-6) is shutdown in 0.006 seconds
[                   Test worker] VelocityTempleTests            INFO  ********************************************************************************
[                   Test worker] VelocityTempleTests            INFO  Testing: test_applyTemplate(de.oveits.velocitytemple.VelocityTempleTests)
[                   Test worker] VelocityTempleTests            INFO  ********************************************************************************
[                   Test worker] DefaultCamelContext            INFO  Apache Camel 2.16.0 (CamelContext: camel-7) is starting
[                   Test worker] ManagedManagementStrategy      INFO  JMX is enabled
[                   Test worker] DefaultTypeConverter           INFO  Loaded 196 type converters
[                   Test worker] DefaultRuntimeEndpointRegistry INFO  Runtime endpoint registry is in extended mode gathering usage statistics of all incoming and outgoing endpoints (cache limit: 1000)
[                   Test worker] DefaultCamelContext            INFO  AllowUseOriginalMessage is enabled. If access to the original message is not needed, then its recommended to turn this option off as it may improve performance.
[                   Test worker] DefaultCamelContext            INFO  StreamCaching is not in use. If using streams then its recommended to enable stream caching. See more details at http://camel.apache.org/stream-caching.html
[                   Test worker] DefaultCamelContext            INFO  Route: route7 started and consuming from: Endpoint[direct://recipientList]
[                   Test worker] DefaultCamelContext            INFO  Total 1 routes, of which 1 is started.
[                   Test worker] DefaultCamelContext            INFO  Apache Camel 2.16.0 (CamelContext: camel-7) started in 0.366 seconds
[                   Test worker] MockEndpoint                   INFO  Asserting: Endpoint[mock://result] is satisfied
[                   Test worker] MockEndpoint                   INFO  Asserting: Endpoint[mock://result] is satisfied
[                   Test worker] MockEndpoint                   INFO  Asserting: Endpoint[mock://result] is satisfied
[                   Test worker] MockEndpoint                   INFO  Asserting: Endpoint[mock://result] is satisfied
[                   Test worker] MockEndpoint                   INFO  Asserting: Endpoint[mock://result] is satisfied
[                   Test worker] MockEndpoint                   INFO  Asserting: Endpoint[mock://result] is satisfied
[                   Test worker] MockEndpoint                   INFO  Asserting: Endpoint[mock://result] is satisfied
[                   Test worker] VelocityTempleTests            INFO  ********************************************************************************
[                   Test worker] VelocityTempleTests            INFO  Testing done: test_applyTemplate(de.oveits.velocitytemple.VelocityTempleTests)
[                   Test worker] VelocityTempleTests            INFO  Took: 0.095 seconds (95 millis)
[                   Test worker] VelocityTempleTests            INFO  ********************************************************************************
[                   Test worker] DefaultCamelContext            INFO  Apache Camel 2.16.0 (CamelContext: camel-7) is shutting down
[                   Test worker] DefaultShutdownStrategy        INFO  Starting to graceful shutdown 1 routes (timeout 10 seconds)
[el-7) thread #6 - ShutdownTask] DefaultShutdownStrategy        INFO  Route: route7 shutdown complete, was consuming from: Endpoint[direct://recipientList]
[                   Test worker] DefaultShutdownStrategy        INFO  Graceful shutdown of 1 routes completed in 0 seconds
[                   Test worker] DefaultCamelContext            INFO  Apache Camel 2.16.0 (CamelContext: camel-7) uptime 0.467 seconds
[                   Test worker] DefaultCamelContext            INFO  Apache Camel 2.16.0 (CamelContext: camel-7) is shutdown in 0.005 seconds
]]></system-out>
  <system-err><![CDATA[]]></system-err>
</testsuite>
